<?xml version="1.0" encoding="UTF-8"?>
<testExecutions version="1">
  <file path="/home/user/projects/facturasbackend/test/test.js">
  </file>
</testExecutions>